This is pdfTeX, Version 3.14159265-2.6-1.40.17 (MiKTeX 2.9.6210 64-bit) (preloaded format=pdflatex 2017.1.30)  20 APR 2017 09:36
entering extended mode
**./ISMIR2017template.tex
(ISMIR2017template.tex
LaTeX2e <2016/03/31> patch level 3
Babel <3.9r> and hyphenation patterns for 75 language(s) loaded.
("D:\Program Files\MiKTeX\tex\latex\base\article.cls"
Document Class: article 2014/09/29 v1.4h Standard LaTeX document class
("D:\Program Files\MiKTeX\tex\latex\base\size10.clo"
File: size10.clo 2014/09/29 v1.4h Standard LaTeX file (size option)
)
\c@part=\count79
\c@section=\count80
\c@subsection=\count81
\c@subsubsection=\count82
\c@paragraph=\count83
\c@subparagraph=\count84
\c@figure=\count85
\c@table=\count86
\abovecaptionskip=\skip41
\belowcaptionskip=\skip42
\bibindent=\dimen102
) (ismir.sty)
("D:\Program Files\MiKTeX\tex\latex\amsmath\amsmath.sty"
Package: amsmath 2016/06/28 v2.15d AMS math features
\@mathmargin=\skip43

For additional information on amsmath, use the `?' option.
("D:\Program Files\MiKTeX\tex\latex\amsmath\amstext.sty"
Package: amstext 2000/06/29 v2.01 AMS text
 ("D:\Program Files\MiKTeX\tex\latex\amsmath\amsgen.sty"
File: amsgen.sty 1999/11/30 v2.0 generic functions
\@emptytoks=\toks14
\ex@=\dimen103
))
("D:\Program Files\MiKTeX\tex\latex\amsmath\amsbsy.sty"
Package: amsbsy 1999/11/29 v1.2d Bold Symbols
\pmbraise@=\dimen104
) ("D:\Program Files\MiKTeX\tex\latex\amsmath\amsopn.sty"
Package: amsopn 2016/03/08 v2.02 operator names
)
\inf@bad=\count87
LaTeX Info: Redefining \frac on input line 199.
\uproot@=\count88
\leftroot@=\count89
LaTeX Info: Redefining \overline on input line 297.
\classnum@=\count90
\DOTSCASE@=\count91
LaTeX Info: Redefining \ldots on input line 394.
LaTeX Info: Redefining \dots on input line 397.
LaTeX Info: Redefining \cdots on input line 518.
\Mathstrutbox@=\box26
\strutbox@=\box27
\big@size=\dimen105
LaTeX Font Info:    Redeclaring font encoding OML on input line 634.
LaTeX Font Info:    Redeclaring font encoding OMS on input line 635.
\macc@depth=\count92
\c@MaxMatrixCols=\count93
\dotsspace@=\muskip10
\c@parentequation=\count94
\dspbrk@lvl=\count95
\tag@help=\toks15
\row@=\count96
\column@=\count97
\maxfields@=\count98
\andhelp@=\toks16
\eqnshift@=\dimen106
\alignsep@=\dimen107
\tagshift@=\dimen108
\tagwidth@=\dimen109
\totwidth@=\dimen110
\lineht@=\dimen111
\@envbody=\toks17
\multlinegap=\skip44
\multlinetaggap=\skip45
\mathdisplay@stack=\toks18
LaTeX Info: Redefining \[ on input line 2739.
LaTeX Info: Redefining \] on input line 2740.
)
(cite.sty
LaTeX Info: Redefining \cite on input line 149.
LaTeX Info: Redefining \nocite on input line 214.
Package: cite 2003/11/04  v 4.01
) (C:\Users\SiddGururani\AppData\Roaming\MiKTeX\2.9\tex\latex\url\url.sty
\Urlmuskip=\muskip11
Package: url 2013/09/16  ver 3.4  Verb mode for urls, etc.
)
("D:\Program Files\MiKTeX\tex\latex\amsfonts\amsfonts.sty"
Package: amsfonts 2013/01/14 v3.01 Basic AMSFonts support
\symAMSa=\mathgroup4
\symAMSb=\mathgroup5
LaTeX Font Info:    Overwriting math alphabet `\mathfrak' in version `bold'
(Font)                  U/euf/m/n --> U/euf/b/n on input line 106.
) ("D:\Program Files\MiKTeX\tex\latex\graphics\graphicx.sty"
Package: graphicx 2014/10/28 v1.0g Enhanced LaTeX Graphics (DPC,SPQR)

("D:\Program Files\MiKTeX\tex\latex\graphics\keyval.sty"
Package: keyval 2014/10/28 v1.15 key=value parser (DPC)
\KV@toks@=\toks19
) ("D:\Program Files\MiKTeX\tex\latex\graphics\graphics.sty"
Package: graphics 2016/07/10 v1.0t Standard LaTeX Graphics (DPC,SPQR)

("D:\Program Files\MiKTeX\tex\latex\graphics\trig.sty"
Package: trig 2016/01/03 v1.10 sin cos tan (DPC)
) ("D:\Program Files\MiKTeX\tex\latex\graphics-cfg\graphics.cfg"
File: graphics.cfg 2016/06/04 v1.11 sample graphics configuration
)
Package graphics Info: Driver file: pdftex.def on input line 99.

("D:\Program Files\MiKTeX\tex\latex\graphics-def\pdftex.def"
File: pdftex.def 2016/07/10 v0.06j Graphics/color for pdfTeX
 ("D:\Program Files\MiKTeX\tex\generic\oberdiek\infwarerr.sty"
Package: infwarerr 2016/05/16 v1.4 Providing info/warning/error messages (HO)
) ("D:\Program Files\MiKTeX\tex\generic\oberdiek\ltxcmds.sty"
Package: ltxcmds 2016/05/16 v1.23 LaTeX kernel commands for general use (HO)
)
\Gread@gobject=\count99
))
\Gin@req@height=\dimen112
\Gin@req@width=\dimen113
)
("D:\Program Files\MiKTeX\tex\latex\graphics\color.sty"
Package: color 2016/07/10 v1.1e Standard LaTeX Color (DPC)
 ("D:\Program Files\MiKTeX\tex\latex\graphics-cfg\color.cfg"
File: color.cfg 2016/01/02 v1.6 sample color configuration
)
Package color Info: Driver file: pdftex.def on input line 147.
)
(ISMIR2017template.aux)
\openout1 = `ISMIR2017template.aux'.

LaTeX Font Info:    Checking defaults for OML/cmm/m/it on input line 68.
LaTeX Font Info:    ... okay on input line 68.
LaTeX Font Info:    Checking defaults for T1/cmr/m/n on input line 68.
LaTeX Font Info:    ... okay on input line 68.
LaTeX Font Info:    Checking defaults for OT1/cmr/m/n on input line 68.
LaTeX Font Info:    ... okay on input line 68.
LaTeX Font Info:    Checking defaults for OMS/cmsy/m/n on input line 68.
LaTeX Font Info:    ... okay on input line 68.
LaTeX Font Info:    Checking defaults for OMX/cmex/m/n on input line 68.
LaTeX Font Info:    ... okay on input line 68.
LaTeX Font Info:    Checking defaults for U/cmr/m/n on input line 68.
LaTeX Font Info:    ... okay on input line 68.
LaTeX Font Info:    Try loading font information for OT1+ptm on input line 68.
 ("D:\Program Files\MiKTeX\tex\latex\psnfss\ot1ptm.fd"
File: ot1ptm.fd 2001/06/04 font definitions for OT1/ptm.
)
(C:\Users\SiddGururani\AppData\Roaming\MiKTeX\2.9\tex\context\base\supp-pdf.mkii
[Loading MPS to PDF converter (version 2006.09.02).]
\scratchcounter=\count100
\scratchdimen=\dimen114
\scratchbox=\box28
\nofMPsegments=\count101
\nofMParguments=\count102
\everyMPshowfont=\toks20
\MPscratchCnt=\count103
\MPscratchDim=\dimen115
\MPnumerator=\count104
\makeMPintoPDFobject=\count105
\everyMPtoPDFconversion=\toks21
) ("D:\Program Files\MiKTeX\tex\generic\oberdiek\pdftexcmds.sty"
Package: pdftexcmds 2016/05/21 v0.22 Utility functions of pdfTeX for LuaTeX (HO)

("D:\Program Files\MiKTeX\tex\generic\oberdiek\ifluatex.sty"
Package: ifluatex 2016/05/16 v1.4 Provides the ifluatex switch (HO)
Package ifluatex Info: LuaTeX not detected.
) ("D:\Program Files\MiKTeX\tex\generic\oberdiek\ifpdf.sty"
Package: ifpdf 2016/05/14 v3.1 Provides the ifpdf switch
)
Package pdftexcmds Info: LuaTeX not detected.
Package pdftexcmds Info: \pdf@primitive is available.
Package pdftexcmds Info: \pdf@ifprimitive is available.
Package pdftexcmds Info: \pdfdraftmode found.
) ("D:\Program Files\MiKTeX\tex\latex\oberdiek\epstopdf-base.sty"
Package: epstopdf-base 2016/05/15 v2.6 Base part for package epstopdf
 ("D:\Program Files\MiKTeX\tex\latex\oberdiek\grfext.sty"
Package: grfext 2016/05/16 v1.2 Manage graphics extensions (HO)
 ("D:\Program Files\MiKTeX\tex\generic\oberdiek\kvdefinekeys.sty"
Package: kvdefinekeys 2016/05/16 v1.4 Define keys (HO)
))
("D:\Program Files\MiKTeX\tex\latex\oberdiek\kvoptions.sty"
Package: kvoptions 2016/05/16 v3.12 Key value format for package options (HO)
 ("D:\Program Files\MiKTeX\tex\generic\oberdiek\kvsetkeys.sty"
Package: kvsetkeys 2016/05/16 v1.17 Key value parser (HO)
 ("D:\Program Files\MiKTeX\tex\generic\oberdiek\etexcmds.sty"
Package: etexcmds 2016/05/16 v1.6 Avoid name clashes with e-TeX commands (HO)
Package etexcmds Info: Could not find \expanded.
(etexcmds)             That can mean that you are not using pdfTeX 1.50 or
(etexcmds)             that some package has redefined \expanded.
(etexcmds)             In the latter case, load this package earlier.
)))
Package epstopdf-base Info: Redefining graphics rule for `.eps' on input line 438.
Package grfext Info: Graphics extension search list:
(grfext)             [.png,.pdf,.jpg,.mps,.jpeg,.jbig2,.jb2,.PNG,.PDF,.JPG,.JPEG,.JBIG2,.JB2,.eps]
(grfext)             \AppendGraphicsExtensions on input line 456.
)
LaTeX Font Info:    Font shape `OT1/ptm/bx/n' in size <14.4> not available
(Font)              Font shape `OT1/ptm/b/n' tried instead on input line 71.
LaTeX Font Info:    Try loading font information for U+msa on input line 71.
 ("D:\Program Files\MiKTeX\tex\latex\amsfonts\umsa.fd"
File: umsa.fd 2013/01/14 v3.01 AMS symbols A
)
LaTeX Font Info:    Try loading font information for U+msb on input line 71.
 ("D:\Program Files\MiKTeX\tex\latex\amsfonts\umsb.fd"
File: umsb.fd 2013/01/14 v3.01 AMS symbols B
)
LaTeX Font Info:    Font shape `OT1/ptm/bx/n' in size <12> not available
(Font)              Font shape `OT1/ptm/b/n' tried instead on input line 71.
LaTeX Font Info:    Try loading font information for OT1+pcr on input line 71.
 ("D:\Program Files\MiKTeX\tex\latex\psnfss\ot1pcr.fd"
File: ot1pcr.fd 2001/06/04 font definitions for OT1/pcr.
)
Overfull \hbox (12.0pt too wide) in paragraph at lines 71--71
 [][] 
 []

<figs/cc_by.pdf, id=1, 121.45375pt x 43.16125pt>
File: figs/cc_by.pdf Graphic file (type pdf)
 <use figs/cc_by.pdf>
Package pdftex.def Info: figs/cc_by.pdf used on input line 71.
(pdftex.def)             Requested size: 36.02869pt x 12.80365pt.
LaTeX Font Info:    Try loading font information for OMS+ptm on input line 71.

("D:\Program Files\MiKTeX\tex\latex\psnfss\omsptm.fd"
File: omsptm.fd 
)
LaTeX Font Info:    Font shape `OMS/ptm/m/n' in size <8> not available
(Font)              Font shape `OMS/cmsy/m/n' tried instead on input line 71.
LaTeX Font Info:    Font shape `OT1/ptm/bx/n' in size <8> not available
(Font)              Font shape `OT1/ptm/b/n' tried instead on input line 71.
LaTeX Font Info:    Font shape `OT1/ptm/bx/n' in size <10> not available
(Font)              Font shape `OT1/ptm/b/n' tried instead on input line 73.


LaTeX Warning: Reference `comparison' on page 1 undefined on input line 94.


LaTeX Warning: No positions in optional float specifier.
               Default added (so using `tbp') on input line 96.


Overfull \hbox (77.41595pt too wide) in paragraph at lines 100--106
 [][] 
 []


LaTeX Warning: Citation `cano2005review' on page 1 undefined on input line 110.


LaTeX Warning: Citation `van2011automatic' on page 1 undefined on input line 111.


LaTeX Warning: Citation `wang2003industrial' on page 1 undefined on input line 111.


LaTeX Warning: Citation `ellisfinger' on page 1 undefined on input line 111.


LaTeX Warning: Citation `Ellis2007Cover' on page 1 undefined on input line 121.


LaTeX Warning: Citation `serracover' on page 1 undefined on input line 121.


LaTeX Warning: Citation `bertin2011large' on page 1 undefined on input line 121.


LaTeX Warning: Citation `berndt1994using' on page 1 undefined on input line 122.


LaTeX Warning: Citation `caseyRemix' on page 1 undefined on input line 127.

[1{C:/Users/SiddGururani/AppData/Local/MiKTeX/2.9/pdftex/config/pdftex.map}



 <./figs/cc_by.pdf>]

LaTeX Warning: Citation `dittmar2012audio' on page 2 undefined on input line 131.

<block_diagram.png, id=15, 722.7pt x 542.025pt>
File: block_diagram.png Graphic file (type png)
 <use block_diagram.png>
Package pdftex.def Info: block_diagram.png used on input line 141.
(pdftex.def)             Requested size: 233.31259pt x 174.9816pt.


LaTeX Warning: Citation `virtanen2007monaural' on page 2 undefined on input line 146.


LaTeX Warning: Reference `fig_block' on page 2 undefined on input line 146.


LaTeX Warning: Citation `koren2009matrix' on page 2 undefined on input line 150.


LaTeX Warning: Citation `lee1999learning' on page 2 undefined on input line 150.


LaTeX Warning: Citation `smaragdis2003non' on page 2 undefined on input line 152.


LaTeX Warning: Citation `wu2015drum' on page 2 undefined on input line 155.


LaTeX Warning: Reference `fig1' on page 2 undefined on input line 155.

<corr.png, id=17, 230.0595pt x 304.7385pt>
File: corr.png Graphic file (type png)
 <use corr.png>
Package pdftex.def Info: corr.png used on input line 159.
(pdftex.def)             Requested size: 233.31259pt x 309.06218pt.


LaTeX Warning: `!h' float specifier changed to `!ht'.


Underfull \vbox (badness 1454) has occurred while \output is active []

 [2 <./block_diagram.png>]
<distmat.png, id=29, 556.479pt x 222.23026pt>
File: distmat.png Graphic file (type png)
 <use distmat.png>
Package pdftex.def Info: distmat.png used on input line 175.
(pdftex.def)             Requested size: 233.31259pt x 93.1733pt.
 [3 <./corr.png> <./distmat.png (PNG copy)>]

LaTeX Warning: Reference `fig3' on page 4 undefined on input line 204.

<DTWcost.png, id=34, 445.665pt x 345.08925pt>
File: DTWcost.png Graphic file (type png)
 <use DTWcost.png>
Package pdftex.def Info: DTWcost.png used on input line 208.
(pdftex.def)             Requested size: 233.31259pt x 180.65854pt.


LaTeX Warning: Reference `fig4' on page 4 undefined on input line 220.

<DTWpath.png, id=35, 445.665pt x 345.08925pt>
File: DTWpath.png Graphic file (type png)
 <use DTWpath.png>
Package pdftex.def Info: DTWpath.png used on input line 224.
(pdftex.def)             Requested size: 233.31259pt x 180.65854pt.
 [4 <./DTWcost.png (PNG copy)> <./DTWpath.png (PNG copy)>]

LaTeX Warning: Citation `breiman2001random' on page 5 undefined on input line 257.


LaTeX Warning: Citation `SonicVisualiser' on page 5 undefined on input line 278.


LaTeX Warning: Reference `def' on page 5 undefined on input line 286.

[5] (ISMIR2017template.bbl
Underfull \hbox (badness 1460) in paragraph at lines 15--18
[]\OT1/ptm/m/n/10 Leo Breiman.  Ran-dom forests.  \OT1/ptm/m/it/10 Ma-chine learn-ing\OT1/ptm/m/n/10 ,
 []


Underfull \hbox (badness 10000) in paragraph at lines 54--58
\OT1/ptm/m/n/10 ing.  $\OT1/pcr/m/n/10 http : / / labrosa . ee . columbia . edu /
 []


Underfull \hbox (badness 1635) in paragraph at lines 60--64
[]\OT1/ptm/m/n/10 Mark Hall, Eibe Frank, Ge-of-frey Holmes, Bern-
 []

Missing character: There is no â in font ptmri7t!
Missing character: There is no € in font ptmri7t!
Missing character: There is no ™ in font ptmri7t!
) [6] (ISMIR2017template.aux)

LaTeX Warning: There were undefined references.


LaTeX Warning: Label(s) may have changed. Rerun to get cross-references right.

 ) 
Here is how much of TeX's memory you used:
 2582 strings out of 493333
 34024 string characters out of 3140897
 104118 words of memory out of 3000000
 6042 multiletter control sequences out of 15000+200000
 27634 words of font info for 65 fonts, out of 3000000 for 9000
 1141 hyphenation exceptions out of 8191
 40i,15n,25p,1240b,374s stack positions out of 5000i,500n,10000p,200000b,50000s
{D:/Program Files/MiKTeX/fonts/enc/dvips/base/8r.enc}<D:/Program Files/MiKTeX/fonts/type1/public/amsfonts/cm/cmmi10.pf
b><D:/Program Files/MiKTeX/fonts/type1/public/amsfonts/cm/cmmi7.pfb><D:/Program Files/MiKTeX/fonts/type1/public/amsfonts
/cm/cmr10.pfb><D:/Program Files/MiKTeX/fonts/type1/public/amsfonts/cm/cmr7.pfb><D:/Program Files/MiKTeX/fonts/type1/publ
ic/amsfonts/cm/cmsy10.pfb><D:/Program Files/MiKTeX/fonts/type1/public/amsfonts/cm/cmsy7.pfb><D:/Program Files/MiKTeX/fon
ts/type1/public/amsfonts/cm/cmsy8.pfb><D:/Program Files/MiKTeX/fonts/type1/public/amsfonts/symbols/msbm10.pfb><D:/Progra
m Files/MiKTeX/fonts/type1/urw/courier/ucrr8a.pfb><D:/Program Files/MiKTeX/fonts/type1/urw/times/utmb8a.pfb><D:/Program 
Files/MiKTeX/fonts/type1/urw/times/utmr8a.pfb><D:/Program Files/MiKTeX/fonts/type1/urw/times/utmri8a.pfb>
Output written on ISMIR2017template.pdf (6 pages, 348725 bytes).
PDF statistics:
 83 PDF objects out of 1000 (max. 8388607)
 0 named destinations out of 1000 (max. 500000)
 31 words of extra memory for PDF output out of 10000 (max. 10000000)

